<?xml version="1.0" encoding="UTF-8"?>
<testsuite name="com.shoppingapp.app.server.service.TitleTestCase" tests="4" skipped="0" failures="0" errors="0" timestamp="2016-01-29T15:01:04" hostname="9f5a31a7bb44" time="0.114">
  <properties/>
  <testcase name="test1Save" classname="com.shoppingapp.app.server.service.TitleTestCase" time="0.047"/>
  <testcase name="test2Update" classname="com.shoppingapp.app.server.service.TitleTestCase" time="0.032"/>
  <testcase name="test3FindById" classname="com.shoppingapp.app.server.service.TitleTestCase" time="0.005"/>
  <testcase name="test4Delete" classname="com.shoppingapp.app.server.service.TitleTestCase" time="0.029"/>
  <system-out><![CDATA[Setting logged in user info for ADD
[EL Fine]: sql: 2016-01-29 15:01:04.396--ClientSession(1006399775)--Connection(29813308)--Thread(Thread[Test worker,5,main])--INSERT INTO ast_Title_M (titleId, titles, versionId, createdBy, createdDate, updatedBy, updatedDate, activeStatus, txnAccessCode) VALUES (?, ?, ?, ?, ?, ?, ?, ?, ?)
	bind => [6A70C5E6-9C9B-4239-87E0-7415A6A1A26F, dZI8d6i4Zgbcle7HzPSg3wiCrjOMK1dRlE8hdM8exKOk2fJ0YA, 1, AAAAA, 2016-01-29 15:01:04.389, null, 2016-01-29 15:01:04.389, 1, 51000]
[EL Fine]: sql: 2016-01-29 15:01:04.429--ClientSession(1632071695)--Connection(29813308)--Thread(Thread[Test worker,5,main])--SELECT titleId, titles, versionId, createdBy, createdDate, updatedBy, updatedDate, activeStatus, txnAccessCode FROM ast_Title_M WHERE ((activeStatus = ?) AND (titleId = ?))
	bind => [1, 6A70C5E6-9C9B-4239-87E0-7415A6A1A26F]
Setting logged in user info for UPDATE
[EL Fine]: sql: 2016-01-29 15:01:04.432--ClientSession(1966816000)--Connection(29813308)--Thread(Thread[Test worker,5,main])--SELECT titleId, titles, versionId, createdBy, createdDate, updatedBy, updatedDate, activeStatus, txnAccessCode FROM ast_Title_M WHERE (titleId = ?)
	bind => [6A70C5E6-9C9B-4239-87E0-7415A6A1A26F]
[EL Fine]: sql: 2016-01-29 15:01:04.434--ClientSession(1966816000)--Connection(29813308)--Thread(Thread[Test worker,5,main])--UPDATE ast_Title_M SET titles = ?, updatedBy = ?, versionId = ? WHERE ((titleId = ?) AND (versionId = ?))
	bind => [BE4IS8QetWMoYorB3BbbGwt08CyOuxtJk7myLGhFZ72CKYpMdx, AAAAA, 2, 6A70C5E6-9C9B-4239-87E0-7415A6A1A26F, 1]
[EL Fine]: sql: 2016-01-29 15:01:04.461--ClientSession(2133021138)--Connection(29813308)--Thread(Thread[Test worker,5,main])--SELECT titleId, titles, versionId, createdBy, createdDate, updatedBy, updatedDate, activeStatus, txnAccessCode FROM ast_Title_M WHERE ((activeStatus = ?) AND (titleId = ?))
	bind => [1, 6A70C5E6-9C9B-4239-87E0-7415A6A1A26F]
[EL Fine]: sql: 2016-01-29 15:01:04.466--ClientSession(1160387622)--Connection(29813308)--Thread(Thread[Test worker,5,main])--SELECT titleId, titles, versionId, createdBy, createdDate, updatedBy, updatedDate, activeStatus, txnAccessCode FROM ast_Title_M WHERE (titleId = ?)
	bind => [6A70C5E6-9C9B-4239-87E0-7415A6A1A26F]
[EL Fine]: sql: 2016-01-29 15:01:04.467--ClientSession(1160387622)--Connection(29813308)--Thread(Thread[Test worker,5,main])--DELETE FROM ast_Title_M WHERE ((titleId = ?) AND (versionId = ?))
	bind => [6A70C5E6-9C9B-4239-87E0-7415A6A1A26F, 2]
]]></system-out>
  <system-err><![CDATA[]]></system-err>
</testsuite>
