<?xml version="1.0" encoding="UTF-8"?>
<testsuite name="com.shoppingapp.app.server.service.UserAccessDomainTestCase" tests="4" skipped="0" failures="0" errors="0" timestamp="2016-01-29T15:00:56" hostname="9f5a31a7bb44" time="0.176">
  <properties/>
  <testcase name="test1Save" classname="com.shoppingapp.app.server.service.UserAccessDomainTestCase" time="0.049"/>
  <testcase name="test2Update" classname="com.shoppingapp.app.server.service.UserAccessDomainTestCase" time="0.076"/>
  <testcase name="test3FindById" classname="com.shoppingapp.app.server.service.UserAccessDomainTestCase" time="0.006"/>
  <testcase name="test4Delete" classname="com.shoppingapp.app.server.service.UserAccessDomainTestCase" time="0.045"/>
  <system-out><![CDATA[Setting logged in user info for ADD
[EL Fine]: sql: 2016-01-29 15:00:56.049--ClientSession(930099173)--Connection(29813308)--Thread(Thread[Test worker,5,main])--INSERT INTO ast_UserAccessDomain_M (userAccessDomainId, domainDescription, domainHelp, domainIcon, domainName, userAccessDomain, versionId, createdBy, createdDate, updatedBy, updatedDate, activeStatus, txnAccessCode) VALUES (?, ?, ?, ?, ?, ?, ?, ?, ?, ?, ?, ?, ?)
	bind => [2DF25020-37B5-48CA-AA2C-D0D364C99EE2, FvXI5EfmHVcb1X3z0AK68UPXfMdvMx9xa3SvhuhMAt8PzyRjZ1, ilZTQBQSsB4VWStEGIaJQXzkWRptmKOHjUeJ7lFRytQsmJfqeM, 3FWMJH4QwJhvxrME0h9MV7YqT0QdfmMDRXhKMHjoP75Ail7BR5, buUAi6czdTV3gIfd9pIht5tP8SshKk2LtMbnK3nrHK0hnJUffd, 89078, 1, AAAAA, 2016-01-29 15:00:56.043, null, 2016-01-29 15:00:56.043, 1, 51000]
[EL Fine]: sql: 2016-01-29 15:00:56.086--ClientSession(1250491146)--Connection(29813308)--Thread(Thread[Test worker,5,main])--SELECT userAccessDomainId, domainDescription, domainHelp, domainIcon, domainName, userAccessDomain, versionId, createdBy, createdDate, updatedBy, updatedDate, activeStatus, txnAccessCode FROM ast_UserAccessDomain_M WHERE ((activeStatus = ?) AND (userAccessDomainId = ?))
	bind => [1, 2DF25020-37B5-48CA-AA2C-D0D364C99EE2]
Setting logged in user info for UPDATE
[EL Fine]: sql: 2016-01-29 15:00:56.089--ClientSession(2032246703)--Connection(29813308)--Thread(Thread[Test worker,5,main])--SELECT userAccessDomainId, domainDescription, domainHelp, domainIcon, domainName, userAccessDomain, versionId, createdBy, createdDate, updatedBy, updatedDate, activeStatus, txnAccessCode FROM ast_UserAccessDomain_M WHERE (userAccessDomainId = ?)
	bind => [2DF25020-37B5-48CA-AA2C-D0D364C99EE2]
[EL Fine]: sql: 2016-01-29 15:00:56.091--ClientSession(2032246703)--Connection(29813308)--Thread(Thread[Test worker,5,main])--UPDATE ast_UserAccessDomain_M SET domainDescription = ?, domainHelp = ?, domainIcon = ?, domainName = ?, userAccessDomain = ?, updatedBy = ?, versionId = ? WHERE ((userAccessDomainId = ?) AND (versionId = ?))
	bind => [hoMBLsCWfYAJr2QLUjmJNpVU0whL7jcXJtv66xApZP76E9hCCW, p8tkoHx4QqDjQ33EOaeeIdWAiNtth8VkgIkneKtAwuGbyzEqUz, uZCsmjxametqmmYTNcwgJd23prUYqTXBxlCJopORCGnRQYPRSZ, b4LjudDnLkY1eiWv55CVxEF8XYllnWyJGitbuauhQoQfM0oF69, 55187, AAAAA, 2, 2DF25020-37B5-48CA-AA2C-D0D364C99EE2, 1]
[EL Fine]: sql: 2016-01-29 15:00:56.161--ClientSession(24602300)--Connection(29813308)--Thread(Thread[Test worker,5,main])--SELECT userAccessDomainId, domainDescription, domainHelp, domainIcon, domainName, userAccessDomain, versionId, createdBy, createdDate, updatedBy, updatedDate, activeStatus, txnAccessCode FROM ast_UserAccessDomain_M WHERE ((activeStatus = ?) AND (userAccessDomainId = ?))
	bind => [1, 2DF25020-37B5-48CA-AA2C-D0D364C99EE2]
[EL Fine]: sql: 2016-01-29 15:00:56.166--ClientSession(933789809)--Connection(29813308)--Thread(Thread[Test worker,5,main])--SELECT userAccessDomainId, domainDescription, domainHelp, domainIcon, domainName, userAccessDomain, versionId, createdBy, createdDate, updatedBy, updatedDate, activeStatus, txnAccessCode FROM ast_UserAccessDomain_M WHERE (userAccessDomainId = ?)
	bind => [2DF25020-37B5-48CA-AA2C-D0D364C99EE2]
[EL Fine]: sql: 2016-01-29 15:00:56.167--ClientSession(933789809)--Connection(29813308)--Thread(Thread[Test worker,5,main])--DELETE FROM ast_UserAccessDomain_M WHERE ((userAccessDomainId = ?) AND (versionId = ?))
	bind => [2DF25020-37B5-48CA-AA2C-D0D364C99EE2, 2]
]]></system-out>
  <system-err><![CDATA[]]></system-err>
</testsuite>
