<?xml version="1.0" encoding="UTF-8"?>
<testsuite name="com.shoppingapp.app.server.service.OrderMainTestCase" tests="5" skipped="0" failures="0" errors="0" timestamp="2016-01-29T15:01:04" hostname="9f5a31a7bb44" time="1.147">
  <properties/>
  <testcase name="test1Save" classname="com.shoppingapp.app.server.service.OrderMainTestCase" time="0.442"/>
  <testcase name="test2Update" classname="com.shoppingapp.app.server.service.OrderMainTestCase" time="0.083"/>
  <testcase name="test3FindById" classname="com.shoppingapp.app.server.service.OrderMainTestCase" time="0.01"/>
  <testcase name="test3findByuserId" classname="com.shoppingapp.app.server.service.OrderMainTestCase" time="0.01"/>
  <testcase name="test4Delete" classname="com.shoppingapp.app.server.service.OrderMainTestCase" time="0.601"/>
  <system-out><![CDATA[[EL Fine]: sql: 2016-01-29 15:01:04.505--ClientSession(2007460803)--Connection(29813308)--Thread(Thread[Test worker,5,main])--INSERT INTO ast_UserAccessDomain_M (userAccessDomainId, domainDescription, domainHelp, domainIcon, domainName, userAccessDomain, versionId, createdBy, createdDate, updatedBy, updatedDate, activeStatus, txnAccessCode) VALUES (?, ?, ?, ?, ?, ?, ?, ?, ?, ?, ?, ?, ?)
	bind => [A7CE9849-230F-4ED0-BCFF-9CBC9F307827, I7UbxkJSjUFBmtLunzakDrzyXie1xiqV5ZZxWwyPxm7FLetezD, 12dHa8FVrmmWjbs2IxJTmUFLTP7JpVjGRpUchx258JW1gH1a5P, Lm5p9bSwzclx2wDgsfqMUYO0ro5wLE2DX2tdm6FrjIlFwdNODn, lVHtg5IQ6jal4Tz6CjcQvssfLwXua1ADDp4AkF717hOf6RXSPH, 74569, 1, AAAAA, 2016-01-29 15:01:04.502, null, 2016-01-29 15:01:04.502, 1, 51000]
[EL Fine]: sql: 2016-01-29 15:01:04.57--ClientSession(952987230)--Connection(29813308)--Thread(Thread[Test worker,5,main])--INSERT INTO ast_UserAccessLevel_M (userAccessLevelId, levelDescription, levelHelp, levelIcon, levelName, userAccessLevel, versionId, createdBy, createdDate, updatedBy, updatedDate, activeStatus, txnAccessCode) VALUES (?, ?, ?, ?, ?, ?, ?, ?, ?, ?, ?, ?, ?)
	bind => [B0E4D32F-B6B9-4D2F-AFAC-7ABB2760F499, tyRpJYLwTwTUlVwID6p1uZNKEVS5kauNnQpHStwfa3bWrKy2tj, IX7rEyKPZGhdPKETsNyNqlLzRzeo3hg6ZwOEiQ8xWmdOQqxty5, 03R1LmKjTWTFq1vDltDrXxGilWhVX1DeEoFiKjKnl31pwHMiWs, vPP8QhrLVZAl5N5tSOaOyqGq7m0bS0DwIAOItpmYGuCj0g6HHj, 77418, 1, AAAAA, 2016-01-29 15:01:04.566, null, 2016-01-29 15:01:04.566, 1, 51000]
[EL Fine]: sql: 2016-01-29 15:01:04.637--ClientSession(1725132799)--Connection(29813308)--Thread(Thread[Test worker,5,main])--INSERT INTO ast_Question_M (questionId, levelid, question, questionDetails, questionIcon, versionId, createdBy, createdDate, updatedBy, updatedDate, activeStatus, txnAccessCode) VALUES (?, ?, ?, ?, ?, ?, ?, ?, ?, ?, ?, ?)
	bind => [E3D7A598-F275-47A7-A78A-BCC106634282, 1, BZhqJ1yO4L4LONPUZ2XmTqET0AlxNYI30J70mRcjHrdWlkVBKP, L, oyTaR60xQCPGxHh2wpxyyxKh3LqqR2mv7IX1ePz6zj6kpkgm8a, 1, AAAAA, 2016-01-29 15:01:04.633, null, 2016-01-29 15:01:04.633, 1, 51000]
[EL Fine]: sql: 2016-01-29 15:01:04.668--ClientSession(1074383968)--Connection(29813308)--Thread(Thread[Test worker,5,main])--INSERT INTO ast_User_T (userId, allowMultipleLogin, changePasswordNextLogin, genTempOneTimePassword, isDeleted, isLocked, lastPasswordChangeDate, multiFactorAuthEnabled, passwordAlgo, passwordExpiryDate, sessionTimeout, userAccessCode, userAccessDomainId, userAccessLevelId, versionId, createdBy, createdDate, updatedBy, updatedDate, activeStatus, txnAccessCode) VALUES (?, ?, ?, ?, ?, ?, ?, ?, ?, ?, ?, ?, ?, ?, ?, ?, ?, ?, ?, ?, ?)
	bind => [BBE6066E-62E8-443C-9817-3E9E4BA2AA8D, 1, 1, 0, 0, 1, 1970-01-02 10:17:36.789, 1, aMFyy3dPwnUnuzZx5h33WRt6Hj0Hfrv9gFNBzlkYwlYA85H4Dm, 1970-01-02 10:17:36.789, 772, 4, A7CE9849-230F-4ED0-BCFF-9CBC9F307827, B0E4D32F-B6B9-4D2F-AFAC-7ABB2760F499, 1, AAAAA, 2016-01-29 15:01:04.502, null, 2016-01-29 15:01:04.502, 1, 51000]
[EL Fine]: sql: 2016-01-29 15:01:04.67--ClientSession(1074383968)--Connection(29813308)--Thread(Thread[Test worker,5,main])--INSERT INTO ast_PassRecovery_TP (passRecoveryId, answer, questionId, versionId, createdBy, createdDate, updatedBy, updatedDate, activeStatus, txnAccessCode, userId) VALUES (?, ?, ?, ?, ?, ?, ?, ?, ?, ?, ?)
	bind => [6E99BE61-AC10-428C-9422-7D2ACDB02194, X5CQ91ta45XCTglwGDPFVoh3TMulf5UT4bNmRAP1krJ3KnM51z, E3D7A598-F275-47A7-A78A-BCC106634282, 1, null, 2016-01-29 15:01:04.633, null, 2016-01-29 15:01:04.633, 1, 51000, BBE6066E-62E8-443C-9817-3E9E4BA2AA8D]
[EL Fine]: sql: 2016-01-29 15:01:04.672--ClientSession(1074383968)--Connection(29813308)--Thread(Thread[Test worker,5,main])--INSERT INTO ast_UserData_TP (userDataId, last5Passwords, oneTimePassword, oneTimePasswordExpiry, oneTimePasswordGenDate, password, versionId, createdBy, createdDate, updatedBy, updatedDate, activeStatus, txnAccessCode, userId) VALUES (?, ?, ?, ?, ?, ?, ?, ?, ?, ?, ?, ?, ?, ?)
	bind => [F443426D-80BF-4A97-8905-315F23C1CCF4, yzGUtXzpDEslgOcS8IfhnLMyNwlCydRM2PQ9b1NLiN0Caxz38C, LwEbwrEMeElhiqOM9EioJegd8YnTq23O, 3, 1970-01-02 10:17:36.789, GCE3ZXCncWEWKj7DJfrKXERG5iGJNf8c2dPKhd0a6KJVtnyBIV, 1, null, 2016-01-29 15:01:04.667, null, 2016-01-29 15:01:04.667, 1, 51000, BBE6066E-62E8-443C-9817-3E9E4BA2AA8D]
[EL Fine]: sql: 2016-01-29 15:01:04.712--ClientSession(624120169)--Connection(29813308)--Thread(Thread[Test worker,5,main])--INSERT INTO ast_Product_M (productId, productName, versionId, createdBy, createdDate, updatedBy, updatedDate, activeStatus, txnAccessCode) VALUES (?, ?, ?, ?, ?, ?, ?, ?, ?)
	bind => [DCAB37C5-1701-4407-9BDD-76C29C69ECA4, 6PyJkkrretHfBWXdSipI69bV4JCF8xC3kL7egaZ8AN96RyvKR8, 1, AAAAA, 2016-01-29 15:01:04.709, null, 2016-01-29 15:01:04.709, 1, 51000]
[EL Fine]: sql: 2016-01-29 15:01:04.763--ClientSession(381583685)--Connection(29813308)--Thread(Thread[Test worker,5,main])--INSERT INTO ast_Category_M (categoryId, categoryName, productId, versionId, createdBy, createdDate, updatedBy, updatedDate, activeStatus, txnAccessCode) VALUES (?, ?, ?, ?, ?, ?, ?, ?, ?, ?)
	bind => [57AD5293-BBAA-4192-9820-AA9A37095197, 0sp1cik2SnMQVBbsszbOXb7bYKtyI08eLzWmLN5GXtJR8l7sWa, DCAB37C5-1701-4407-9BDD-76C29C69ECA4, 1, AAAAA, 2016-01-29 15:01:04.709, null, 2016-01-29 15:01:04.709, 1, 51000]
[EL Fine]: sql: 2016-01-29 15:01:04.841--ClientSession(1237857992)--Connection(29813308)--Thread(Thread[Test worker,5,main])--INSERT INTO ast_Brand_M (brandId, brandName, categoryId, productId, versionId, createdBy, createdDate, updatedBy, updatedDate, activeStatus, txnAccessCode) VALUES (?, ?, ?, ?, ?, ?, ?, ?, ?, ?, ?)
	bind => [45EE3E33-7D01-4192-9207-65AA972CB3D4, mQqzB5wU3qdnVWrXjyXDRWCWDalJjQtfaNbwoqaYGbVyuKKp5t, 57AD5293-BBAA-4192-9820-AA9A37095197, DCAB37C5-1701-4407-9BDD-76C29C69ECA4, 1, AAAAA, 2016-01-29 15:01:04.709, null, 2016-01-29 15:01:04.709, 1, 51000]
[EL Fine]: sql: 2016-01-29 15:01:04.872--ClientSession(657082391)--Connection(29813308)--Thread(Thread[Test worker,5,main])--INSERT INTO ast_Item_M (itemId, brandId, categoryId, itemIcon, itemName, itemPrice, itemStock, productId, versionId, createdBy, createdDate, updatedBy, updatedDate, activeStatus, txnAccessCode) VALUES (?, ?, ?, ?, ?, ?, ?, ?, ?, ?, ?, ?, ?, ?, ?)
	bind => [54E63D1C-2BE9-4032-84DE-45BD7D03953F, 45EE3E33-7D01-4192-9207-65AA972CB3D4, 57AD5293-BBAA-4192-9820-AA9A37095197, d, ygW8Bn4AOBPHGF5xOJO26ZPxNREJEz5Bgc1ZcEdXwVgRumdC2i, 12.34, 610219191, DCAB37C5-1701-4407-9BDD-76C29C69ECA4, 1, AAAAA, 2016-01-29 15:01:04.709, null, 2016-01-29 15:01:04.709, 1, 51000]
Setting logged in user info for ADD
Setting logged in user info for ADD
[EL Fine]: sql: 2016-01-29 15:01:04.907--ClientSession(1180752830)--Connection(29813308)--Thread(Thread[Test worker,5,main])--INSERT INTO ast_OrderMain_T (orderId, grandTotal, orderDate, userId, versionId, createdBy, createdDate, updatedBy, updatedDate, activeStatus, txnAccessCode) VALUES (?, ?, ?, ?, ?, ?, ?, ?, ?, ?, ?)
	bind => [2216A470-5C14-4814-A325-64E5504982BF, 12.34, 1970-01-02, BBE6066E-62E8-443C-9817-3E9E4BA2AA8D, 1, AAAAA, 2016-01-29 15:01:04.709, null, 2016-01-29 15:01:04.709, 1, 51000]
[EL Fine]: sql: 2016-01-29 15:01:04.908--ClientSession(1180752830)--Connection(29813308)--Thread(Thread[Test worker,5,main])--INSERT INTO ast_OrderDetails_TP (orderItemId, itemId, itemPrice, itemQuantity, subTotal, versionId, createdBy, createdDate, updatedBy, updatedDate, activeStatus, txnAccessCode, orderId) VALUES (?, ?, ?, ?, ?, ?, ?, ?, ?, ?, ?, ?, ?)
	bind => [452180B2-3749-4718-8C41-E2C6D3EAA972, 54E63D1C-2BE9-4032-84DE-45BD7D03953F, 12.34, 157579748, 12.34, 1, xyz, 2016-01-29 15:01:04.709, null, 2016-01-29 15:01:04.709, 1, 51000, 2216A470-5C14-4814-A325-64E5504982BF]
[EL Fine]: sql: 2016-01-29 15:01:04.942--ClientSession(1474100789)--Connection(29813308)--Thread(Thread[Test worker,5,main])--SELECT orderId, grandTotal, orderDate, userId, versionId, createdBy, createdDate, updatedBy, updatedDate, activeStatus, txnAccessCode FROM ast_OrderMain_T WHERE ((activeStatus = ?) AND (orderId = ?))
	bind => [1, 2216A470-5C14-4814-A325-64E5504982BF]
[EL Fine]: sql: 2016-01-29 15:01:04.943--ClientSession(1474100789)--Connection(29813308)--Thread(Thread[Test worker,5,main])--SELECT orderItemId, itemId, itemPrice, itemQuantity, subTotal, versionId, createdBy, createdDate, updatedBy, updatedDate, activeStatus, txnAccessCode, orderId FROM ast_OrderDetails_TP WHERE (orderId = ?)
	bind => [2216A470-5C14-4814-A325-64E5504982BF]
Setting logged in user info for UPDATE
Setting logged in user info for UPDATE
[EL Fine]: sql: 2016-01-29 15:01:04.947--ClientSession(789675587)--Connection(29813308)--Thread(Thread[Test worker,5,main])--SELECT orderId, grandTotal, orderDate, userId, versionId, createdBy, createdDate, updatedBy, updatedDate, activeStatus, txnAccessCode FROM ast_OrderMain_T WHERE (orderId = ?)
	bind => [2216A470-5C14-4814-A325-64E5504982BF]
[EL Fine]: sql: 2016-01-29 15:01:04.948--ClientSession(789675587)--Connection(29813308)--Thread(Thread[Test worker,5,main])--SELECT orderItemId, itemId, itemPrice, itemQuantity, subTotal, versionId, createdBy, createdDate, updatedBy, updatedDate, activeStatus, txnAccessCode, orderId FROM ast_OrderDetails_TP WHERE (orderId = ?)
	bind => [2216A470-5C14-4814-A325-64E5504982BF]
[EL Fine]: sql: 2016-01-29 15:01:04.951--ClientSession(789675587)--Connection(29813308)--Thread(Thread[Test worker,5,main])--UPDATE ast_OrderMain_T SET orderDate = ?, updatedBy = ?, versionId = ? WHERE ((orderId = ?) AND (versionId = ?))
	bind => [1970-01-02, AAAAA, 2, 2216A470-5C14-4814-A325-64E5504982BF, 1]
[EL Fine]: sql: 2016-01-29 15:01:04.953--ClientSession(789675587)--Connection(29813308)--Thread(Thread[Test worker,5,main])--UPDATE ast_OrderDetails_TP SET updatedBy = ?, versionId = ? WHERE ((orderItemId = ?) AND (versionId = ?))
	bind => [xyz, 2, 452180B2-3749-4718-8C41-E2C6D3EAA972, 1]
[EL Fine]: sql: 2016-01-29 15:01:05.025--ClientSession(198355550)--Connection(29813308)--Thread(Thread[Test worker,5,main])--SELECT orderId, grandTotal, orderDate, userId, versionId, createdBy, createdDate, updatedBy, updatedDate, activeStatus, txnAccessCode FROM ast_OrderMain_T WHERE ((activeStatus = ?) AND (orderId = ?))
	bind => [1, 2216A470-5C14-4814-A325-64E5504982BF]
[EL Fine]: sql: 2016-01-29 15:01:05.026--ClientSession(198355550)--Connection(29813308)--Thread(Thread[Test worker,5,main])--SELECT orderItemId, itemId, itemPrice, itemQuantity, subTotal, versionId, createdBy, createdDate, updatedBy, updatedDate, activeStatus, txnAccessCode, orderId FROM ast_OrderDetails_TP WHERE (orderId = ?)
	bind => [2216A470-5C14-4814-A325-64E5504982BF]
[EL Fine]: sql: 2016-01-29 15:01:05.034--ClientSession(17680067)--Connection(29813308)--Thread(Thread[Test worker,5,main])--SELECT orderId, grandTotal, orderDate, userId, versionId, createdBy, createdDate, updatedBy, updatedDate, activeStatus, txnAccessCode FROM ast_OrderMain_T WHERE ((activeStatus = ?) AND (userId = ?))
	bind => [1, BBE6066E-62E8-443C-9817-3E9E4BA2AA8D]
[EL Fine]: sql: 2016-01-29 15:01:05.036--ClientSession(17680067)--Connection(29813308)--Thread(Thread[Test worker,5,main])--SELECT orderItemId, itemId, itemPrice, itemQuantity, subTotal, versionId, createdBy, createdDate, updatedBy, updatedDate, activeStatus, txnAccessCode, orderId FROM ast_OrderDetails_TP WHERE (orderId = ?)
	bind => [2216A470-5C14-4814-A325-64E5504982BF]
[EL Fine]: sql: 2016-01-29 15:01:05.044--ClientSession(681553831)--Connection(29813308)--Thread(Thread[Test worker,5,main])--SELECT orderId, grandTotal, orderDate, userId, versionId, createdBy, createdDate, updatedBy, updatedDate, activeStatus, txnAccessCode FROM ast_OrderMain_T WHERE (orderId = ?)
	bind => [2216A470-5C14-4814-A325-64E5504982BF]
[EL Fine]: sql: 2016-01-29 15:01:05.045--ClientSession(681553831)--Connection(29813308)--Thread(Thread[Test worker,5,main])--SELECT orderItemId, itemId, itemPrice, itemQuantity, subTotal, versionId, createdBy, createdDate, updatedBy, updatedDate, activeStatus, txnAccessCode, orderId FROM ast_OrderDetails_TP WHERE (orderId = ?)
	bind => [2216A470-5C14-4814-A325-64E5504982BF]
[EL Fine]: sql: 2016-01-29 15:01:05.047--ClientSession(681553831)--Connection(29813308)--Thread(Thread[Test worker,5,main])--DELETE FROM ast_OrderDetails_TP WHERE ((orderItemId = ?) AND (versionId = ?))
	bind => [452180B2-3749-4718-8C41-E2C6D3EAA972, 2]
[EL Fine]: sql: 2016-01-29 15:01:05.048--ClientSession(681553831)--Connection(29813308)--Thread(Thread[Test worker,5,main])--DELETE FROM ast_OrderMain_T WHERE ((orderId = ?) AND (versionId = ?))
	bind => [2216A470-5C14-4814-A325-64E5504982BF, 2]
[EL Fine]: sql: 2016-01-29 15:01:05.123--ClientSession(291106708)--Connection(29813308)--Thread(Thread[Test worker,5,main])--SELECT itemId, brandId, categoryId, itemIcon, itemName, itemPrice, itemStock, productId, versionId, createdBy, createdDate, updatedBy, updatedDate, activeStatus, txnAccessCode FROM ast_Item_M WHERE (itemId = ?)
	bind => [54E63D1C-2BE9-4032-84DE-45BD7D03953F]
[EL Fine]: sql: 2016-01-29 15:01:05.125--ClientSession(291106708)--Connection(29813308)--Thread(Thread[Test worker,5,main])--DELETE FROM ast_Item_M WHERE ((itemId = ?) AND (versionId = ?))
	bind => [54E63D1C-2BE9-4032-84DE-45BD7D03953F, 1]
[EL Fine]: sql: 2016-01-29 15:01:05.176--ClientSession(792102194)--Connection(29813308)--Thread(Thread[Test worker,5,main])--SELECT brandId, brandName, categoryId, productId, versionId, createdBy, createdDate, updatedBy, updatedDate, activeStatus, txnAccessCode FROM ast_Brand_M WHERE (brandId = ?)
	bind => [45EE3E33-7D01-4192-9207-65AA972CB3D4]
[EL Fine]: sql: 2016-01-29 15:01:05.178--ClientSession(792102194)--Connection(29813308)--Thread(Thread[Test worker,5,main])--DELETE FROM ast_Brand_M WHERE ((brandId = ?) AND (versionId = ?))
	bind => [45EE3E33-7D01-4192-9207-65AA972CB3D4, 1]
[EL Fine]: sql: 2016-01-29 15:01:05.245--ClientSession(1704187417)--Connection(29813308)--Thread(Thread[Test worker,5,main])--SELECT categoryId, categoryName, productId, versionId, createdBy, createdDate, updatedBy, updatedDate, activeStatus, txnAccessCode FROM ast_Category_M WHERE (categoryId = ?)
	bind => [57AD5293-BBAA-4192-9820-AA9A37095197]
[EL Fine]: sql: 2016-01-29 15:01:05.246--ClientSession(1704187417)--Connection(29813308)--Thread(Thread[Test worker,5,main])--DELETE FROM ast_Category_M WHERE ((categoryId = ?) AND (versionId = ?))
	bind => [57AD5293-BBAA-4192-9820-AA9A37095197, 1]
[EL Fine]: sql: 2016-01-29 15:01:05.337--ClientSession(583549614)--Connection(29813308)--Thread(Thread[Test worker,5,main])--SELECT productId, productName, versionId, createdBy, createdDate, updatedBy, updatedDate, activeStatus, txnAccessCode FROM ast_Product_M WHERE (productId = ?)
	bind => [DCAB37C5-1701-4407-9BDD-76C29C69ECA4]
[EL Fine]: sql: 2016-01-29 15:01:05.339--ClientSession(583549614)--Connection(29813308)--Thread(Thread[Test worker,5,main])--DELETE FROM ast_Product_M WHERE ((productId = ?) AND (versionId = ?))
	bind => [DCAB37C5-1701-4407-9BDD-76C29C69ECA4, 1]
[EL Fine]: sql: 2016-01-29 15:01:05.411--ClientSession(913830029)--Connection(29813308)--Thread(Thread[Test worker,5,main])--SELECT userId, allowMultipleLogin, changePasswordNextLogin, genTempOneTimePassword, isDeleted, isLocked, lastPasswordChangeDate, multiFactorAuthEnabled, passwordAlgo, passwordExpiryDate, sessionTimeout, userAccessCode, userAccessDomainId, userAccessLevelId, versionId, createdBy, createdDate, updatedBy, updatedDate, activeStatus, txnAccessCode FROM ast_User_T WHERE (userId = ?)
	bind => [BBE6066E-62E8-443C-9817-3E9E4BA2AA8D]
[EL Fine]: sql: 2016-01-29 15:01:05.413--ClientSession(913830029)--Connection(29813308)--Thread(Thread[Test worker,5,main])--SELECT userDataId, last5Passwords, oneTimePassword, oneTimePasswordExpiry, oneTimePasswordGenDate, password, versionId, createdBy, createdDate, updatedBy, updatedDate, activeStatus, txnAccessCode, userId FROM ast_UserData_TP WHERE (userId = ?)
	bind => [BBE6066E-62E8-443C-9817-3E9E4BA2AA8D]
[EL Fine]: sql: 2016-01-29 15:01:05.414--ClientSession(913830029)--Connection(29813308)--Thread(Thread[Test worker,5,main])--SELECT passRecoveryId, answer, questionId, versionId, createdBy, createdDate, updatedBy, updatedDate, activeStatus, txnAccessCode, userId FROM ast_PassRecovery_TP WHERE (userId = ?)
	bind => [BBE6066E-62E8-443C-9817-3E9E4BA2AA8D]
[EL Fine]: sql: 2016-01-29 15:01:05.417--ClientSession(913830029)--Connection(29813308)--Thread(Thread[Test worker,5,main])--DELETE FROM ast_UserData_TP WHERE ((userDataId = ?) AND (versionId = ?))
	bind => [F443426D-80BF-4A97-8905-315F23C1CCF4, 1]
[EL Fine]: sql: 2016-01-29 15:01:05.418--ClientSession(913830029)--Connection(29813308)--Thread(Thread[Test worker,5,main])--DELETE FROM ast_PassRecovery_TP WHERE ((passRecoveryId = ?) AND (versionId = ?))
	bind => [6E99BE61-AC10-428C-9422-7D2ACDB02194, 1]
[EL Fine]: sql: 2016-01-29 15:01:05.42--ClientSession(913830029)--Connection(29813308)--Thread(Thread[Test worker,5,main])--DELETE FROM ast_User_T WHERE ((userId = ?) AND (versionId = ?))
	bind => [BBE6066E-62E8-443C-9817-3E9E4BA2AA8D, 1]
[EL Fine]: sql: 2016-01-29 15:01:05.467--ClientSession(2012220827)--Connection(29813308)--Thread(Thread[Test worker,5,main])--SELECT questionId, levelid, question, questionDetails, questionIcon, versionId, createdBy, createdDate, updatedBy, updatedDate, activeStatus, txnAccessCode FROM ast_Question_M WHERE (questionId = ?)
	bind => [E3D7A598-F275-47A7-A78A-BCC106634282]
[EL Fine]: sql: 2016-01-29 15:01:05.469--ClientSession(2012220827)--Connection(29813308)--Thread(Thread[Test worker,5,main])--DELETE FROM ast_Question_M WHERE ((questionId = ?) AND (versionId = ?))
	bind => [E3D7A598-F275-47A7-A78A-BCC106634282, 1]
[EL Fine]: sql: 2016-01-29 15:01:05.534--ClientSession(1435483533)--Connection(29813308)--Thread(Thread[Test worker,5,main])--SELECT userAccessLevelId, levelDescription, levelHelp, levelIcon, levelName, userAccessLevel, versionId, createdBy, createdDate, updatedBy, updatedDate, activeStatus, txnAccessCode FROM ast_UserAccessLevel_M WHERE (userAccessLevelId = ?)
	bind => [B0E4D32F-B6B9-4D2F-AFAC-7ABB2760F499]
[EL Fine]: sql: 2016-01-29 15:01:05.535--ClientSession(1435483533)--Connection(29813308)--Thread(Thread[Test worker,5,main])--DELETE FROM ast_UserAccessLevel_M WHERE ((userAccessLevelId = ?) AND (versionId = ?))
	bind => [B0E4D32F-B6B9-4D2F-AFAC-7ABB2760F499, 1]
[EL Fine]: sql: 2016-01-29 15:01:05.601--ClientSession(55778108)--Connection(29813308)--Thread(Thread[Test worker,5,main])--SELECT userAccessDomainId, domainDescription, domainHelp, domainIcon, domainName, userAccessDomain, versionId, createdBy, createdDate, updatedBy, updatedDate, activeStatus, txnAccessCode FROM ast_UserAccessDomain_M WHERE (userAccessDomainId = ?)
	bind => [A7CE9849-230F-4ED0-BCFF-9CBC9F307827]
[EL Fine]: sql: 2016-01-29 15:01:05.603--ClientSession(55778108)--Connection(29813308)--Thread(Thread[Test worker,5,main])--DELETE FROM ast_UserAccessDomain_M WHERE ((userAccessDomainId = ?) AND (versionId = ?))
	bind => [A7CE9849-230F-4ED0-BCFF-9CBC9F307827, 1]
]]></system-out>
  <system-err><![CDATA[]]></system-err>
</testsuite>
