<?xml version="1.0" encoding="UTF-8"?>
<testsuite name="com.shoppingapp.app.server.service.ItemTestCase" tests="7" skipped="0" failures="0" errors="0" timestamp="2016-01-29T15:01:01" hostname="9f5a31a7bb44" time="0.414">
  <properties/>
  <testcase name="test1Save" classname="com.shoppingapp.app.server.service.ItemTestCase" time="0.201"/>
  <testcase name="test2Update" classname="com.shoppingapp.app.server.service.ItemTestCase" time="0.051"/>
  <testcase name="test3FindById" classname="com.shoppingapp.app.server.service.ItemTestCase" time="0.007"/>
  <testcase name="test3findBybrandId" classname="com.shoppingapp.app.server.service.ItemTestCase" time="0.007"/>
  <testcase name="test3findBycategoryId" classname="com.shoppingapp.app.server.service.ItemTestCase" time="0.006"/>
  <testcase name="test3findByproductId" classname="com.shoppingapp.app.server.service.ItemTestCase" time="0.006"/>
  <testcase name="test4Delete" classname="com.shoppingapp.app.server.service.ItemTestCase" time="0.134"/>
  <system-out><![CDATA[[EL Fine]: sql: 2016-01-29 15:01:01.164--ClientSession(386370915)--Connection(29813308)--Thread(Thread[Test worker,5,main])--INSERT INTO ast_Product_M (productId, productName, versionId, createdBy, createdDate, updatedBy, updatedDate, activeStatus, txnAccessCode) VALUES (?, ?, ?, ?, ?, ?, ?, ?, ?)
	bind => [31B4CD87-18EC-4110-ADB5-4FF81817C6EB, KzLE4byBdZdchiW3EfJQMt6OrJSwt7m17c7OsnHSwF31gIFym0, 1, AAAAA, 2016-01-29 15:01:01.161, null, 2016-01-29 15:01:01.161, 1, 51000]
[EL Fine]: sql: 2016-01-29 15:01:01.204--ClientSession(963484332)--Connection(29813308)--Thread(Thread[Test worker,5,main])--INSERT INTO ast_Category_M (categoryId, categoryName, productId, versionId, createdBy, createdDate, updatedBy, updatedDate, activeStatus, txnAccessCode) VALUES (?, ?, ?, ?, ?, ?, ?, ?, ?, ?)
	bind => [EAC74B59-9DF8-466A-A8CA-72CF84024346, LAREdaJJRQDPrnSavkzMDzXr5pGHcTJ8U392MYFdEsuJ08UDsr, 31B4CD87-18EC-4110-ADB5-4FF81817C6EB, 1, AAAAA, 2016-01-29 15:01:01.161, null, 2016-01-29 15:01:01.161, 1, 51000]
[EL Fine]: sql: 2016-01-29 15:01:01.239--ClientSession(1010807268)--Connection(29813308)--Thread(Thread[Test worker,5,main])--INSERT INTO ast_Brand_M (brandId, brandName, categoryId, productId, versionId, createdBy, createdDate, updatedBy, updatedDate, activeStatus, txnAccessCode) VALUES (?, ?, ?, ?, ?, ?, ?, ?, ?, ?, ?)
	bind => [CE9D56DB-21B1-4BD4-BE89-F11EC994A36D, mrpE2wd5ERlAHVlWLjGJgNNmFc7gTsyPdXNPkUpachYIVHg8Ov, EAC74B59-9DF8-466A-A8CA-72CF84024346, 31B4CD87-18EC-4110-ADB5-4FF81817C6EB, 1, AAAAA, 2016-01-29 15:01:01.161, null, 2016-01-29 15:01:01.161, 1, 51000]
Setting logged in user info for ADD
[EL Fine]: sql: 2016-01-29 15:01:01.279--ClientSession(962067198)--Connection(29813308)--Thread(Thread[Test worker,5,main])--INSERT INTO ast_Item_M (itemId, brandId, categoryId, itemIcon, itemName, itemPrice, itemStock, productId, versionId, createdBy, createdDate, updatedBy, updatedDate, activeStatus, txnAccessCode) VALUES (?, ?, ?, ?, ?, ?, ?, ?, ?, ?, ?, ?, ?, ?, ?)
	bind => [3B012524-F146-4DC7-B51E-F17A9B939A53, CE9D56DB-21B1-4BD4-BE89-F11EC994A36D, EAC74B59-9DF8-466A-A8CA-72CF84024346, j, 6O9oOzXdNZufoRm1O2JAYNN0cD8bCoYP77PEIopQK75NKjcQ2s, 12.34, 338461080, 31B4CD87-18EC-4110-ADB5-4FF81817C6EB, 1, AAAAA, 2016-01-29 15:01:01.269, null, 2016-01-29 15:01:01.269, 1, 51000]
[EL Fine]: sql: 2016-01-29 15:01:01.357--ClientSession(1698892180)--Connection(29813308)--Thread(Thread[Test worker,5,main])--SELECT itemId, brandId, categoryId, itemIcon, itemName, itemPrice, itemStock, productId, versionId, createdBy, createdDate, updatedBy, updatedDate, activeStatus, txnAccessCode FROM ast_Item_M WHERE ((activeStatus = ?) AND (itemId = ?))
	bind => [1, 3B012524-F146-4DC7-B51E-F17A9B939A53]
Setting logged in user info for UPDATE
[EL Fine]: sql: 2016-01-29 15:01:01.359--ClientSession(990583240)--Connection(29813308)--Thread(Thread[Test worker,5,main])--SELECT itemId, brandId, categoryId, itemIcon, itemName, itemPrice, itemStock, productId, versionId, createdBy, createdDate, updatedBy, updatedDate, activeStatus, txnAccessCode FROM ast_Item_M WHERE (itemId = ?)
	bind => [3B012524-F146-4DC7-B51E-F17A9B939A53]
[EL Fine]: sql: 2016-01-29 15:01:01.361--ClientSession(990583240)--Connection(29813308)--Thread(Thread[Test worker,5,main])--UPDATE ast_Item_M SET itemIcon = ?, itemName = ?, itemStock = ?, updatedBy = ?, versionId = ? WHERE ((itemId = ?) AND (versionId = ?))
	bind => [Z, aNWSCi4RZjvfi6vqGijX7k443h7iCpVFuB7pelRKs2WAKkVcQQ, 142928242, AAAAA, 2, 3B012524-F146-4DC7-B51E-F17A9B939A53, 1]
[EL Fine]: sql: 2016-01-29 15:01:01.408--ClientSession(865949323)--Connection(29813308)--Thread(Thread[Test worker,5,main])--SELECT itemId, brandId, categoryId, itemIcon, itemName, itemPrice, itemStock, productId, versionId, createdBy, createdDate, updatedBy, updatedDate, activeStatus, txnAccessCode FROM ast_Item_M WHERE ((activeStatus = ?) AND (itemId = ?))
	bind => [1, 3B012524-F146-4DC7-B51E-F17A9B939A53]
[EL Fine]: sql: 2016-01-29 15:01:01.417--ClientSession(1511937467)--Connection(29813308)--Thread(Thread[Test worker,5,main])--SELECT itemId, brandId, categoryId, itemIcon, itemName, itemPrice, itemStock, productId, versionId, createdBy, createdDate, updatedBy, updatedDate, activeStatus, txnAccessCode FROM ast_Item_M WHERE ((activeStatus = ?) AND (brandId = ?))
	bind => [1, CE9D56DB-21B1-4BD4-BE89-F11EC994A36D]
[EL Fine]: sql: 2016-01-29 15:01:01.424--ClientSession(586349144)--Connection(29813308)--Thread(Thread[Test worker,5,main])--SELECT itemId, brandId, categoryId, itemIcon, itemName, itemPrice, itemStock, productId, versionId, createdBy, createdDate, updatedBy, updatedDate, activeStatus, txnAccessCode FROM ast_Item_M WHERE ((activeStatus = ?) AND (categoryId = ?))
	bind => [1, EAC74B59-9DF8-466A-A8CA-72CF84024346]
[EL Fine]: sql: 2016-01-29 15:01:01.43--ClientSession(1474499013)--Connection(29813308)--Thread(Thread[Test worker,5,main])--SELECT itemId, brandId, categoryId, itemIcon, itemName, itemPrice, itemStock, productId, versionId, createdBy, createdDate, updatedBy, updatedDate, activeStatus, txnAccessCode FROM ast_Item_M WHERE ((activeStatus = ?) AND (productId = ?))
	bind => [1, 31B4CD87-18EC-4110-ADB5-4FF81817C6EB]
[EL Fine]: sql: 2016-01-29 15:01:01.435--ClientSession(1825508872)--Connection(29813308)--Thread(Thread[Test worker,5,main])--SELECT itemId, brandId, categoryId, itemIcon, itemName, itemPrice, itemStock, productId, versionId, createdBy, createdDate, updatedBy, updatedDate, activeStatus, txnAccessCode FROM ast_Item_M WHERE (itemId = ?)
	bind => [3B012524-F146-4DC7-B51E-F17A9B939A53]
[EL Fine]: sql: 2016-01-29 15:01:01.437--ClientSession(1825508872)--Connection(29813308)--Thread(Thread[Test worker,5,main])--DELETE FROM ast_Item_M WHERE ((itemId = ?) AND (versionId = ?))
	bind => [3B012524-F146-4DC7-B51E-F17A9B939A53, 2]
[EL Fine]: sql: 2016-01-29 15:01:01.467--ClientSession(1401606707)--Connection(29813308)--Thread(Thread[Test worker,5,main])--SELECT brandId, brandName, categoryId, productId, versionId, createdBy, createdDate, updatedBy, updatedDate, activeStatus, txnAccessCode FROM ast_Brand_M WHERE (brandId = ?)
	bind => [CE9D56DB-21B1-4BD4-BE89-F11EC994A36D]
[EL Fine]: sql: 2016-01-29 15:01:01.468--ClientSession(1401606707)--Connection(29813308)--Thread(Thread[Test worker,5,main])--DELETE FROM ast_Brand_M WHERE ((brandId = ?) AND (versionId = ?))
	bind => [CE9D56DB-21B1-4BD4-BE89-F11EC994A36D, 1]
[EL Fine]: sql: 2016-01-29 15:01:01.5--ClientSession(849690350)--Connection(29813308)--Thread(Thread[Test worker,5,main])--SELECT categoryId, categoryName, productId, versionId, createdBy, createdDate, updatedBy, updatedDate, activeStatus, txnAccessCode FROM ast_Category_M WHERE (categoryId = ?)
	bind => [EAC74B59-9DF8-466A-A8CA-72CF84024346]
[EL Fine]: sql: 2016-01-29 15:01:01.501--ClientSession(849690350)--Connection(29813308)--Thread(Thread[Test worker,5,main])--DELETE FROM ast_Category_M WHERE ((categoryId = ?) AND (versionId = ?))
	bind => [EAC74B59-9DF8-466A-A8CA-72CF84024346, 1]
[EL Fine]: sql: 2016-01-29 15:01:01.535--ClientSession(843005205)--Connection(29813308)--Thread(Thread[Test worker,5,main])--SELECT productId, productName, versionId, createdBy, createdDate, updatedBy, updatedDate, activeStatus, txnAccessCode FROM ast_Product_M WHERE (productId = ?)
	bind => [31B4CD87-18EC-4110-ADB5-4FF81817C6EB]
[EL Fine]: sql: 2016-01-29 15:01:01.536--ClientSession(843005205)--Connection(29813308)--Thread(Thread[Test worker,5,main])--DELETE FROM ast_Product_M WHERE ((productId = ?) AND (versionId = ?))
	bind => [31B4CD87-18EC-4110-ADB5-4FF81817C6EB, 1]
]]></system-out>
  <system-err><![CDATA[]]></system-err>
</testsuite>
