<?xml version="1.0" encoding="UTF-8"?>
<testsuite name="com.shoppingapp.app.server.service.PasswordAlgoTestCase" tests="4" skipped="0" failures="0" errors="0" timestamp="2016-01-29T15:01:04" hostname="9f5a31a7bb44" time="0.282">
  <properties/>
  <testcase name="test1Save" classname="com.shoppingapp.app.server.service.PasswordAlgoTestCase" time="0.156"/>
  <testcase name="test2Update" classname="com.shoppingapp.app.server.service.PasswordAlgoTestCase" time="0.051"/>
  <testcase name="test3FindById" classname="com.shoppingapp.app.server.service.PasswordAlgoTestCase" time="0.006"/>
  <testcase name="test4Delete" classname="com.shoppingapp.app.server.service.PasswordAlgoTestCase" time="0.069"/>
  <system-out><![CDATA[Setting logged in user info for ADD
[EL Fine]: sql: 2016-01-29 15:01:04.147--ClientSession(469010775)--Connection(29813308)--Thread(Thread[Test worker,5,main])--INSERT INTO ast_PasswordAlgo_M (algoId, algoDescription, algoHelp, algoIcon, algoName, algorithm, versionId, createdBy, createdDate, updatedBy, updatedDate, activeStatus, txnAccessCode) VALUES (?, ?, ?, ?, ?, ?, ?, ?, ?, ?, ?, ?, ?)
	bind => [63406B97-DF02-4EB2-BC09-441D6BB674B1, oe9FupqhB9YgqcNs8nSyhNSYOPDavC0rWUqXuOfAH3IbxgOyES, oPv2mn7ZhEMpToAOAhO1gbpErAJV1Zl5XNIJeL1pYKKMBna5Yx, SHTcQCShEgadsAPSJmuVU9lFAMUOgwbr95dTXnJRQMBVUMdCZ0, Rw6jRpLjImQrk6RqYdoVrITWMPEYaHkL1uxz6nmOkWub3NcLge, 11, 1, AAAAA, 2016-01-29 15:01:04.107, null, 2016-01-29 15:01:04.107, 1, 51000]
[EL Fine]: sql: 2016-01-29 15:01:04.252--ClientSession(1090240063)--Connection(29813308)--Thread(Thread[Test worker,5,main])--SELECT algoId, algoDescription, algoHelp, algoIcon, algoName, algorithm, versionId, createdBy, createdDate, updatedBy, updatedDate, activeStatus, txnAccessCode FROM ast_PasswordAlgo_M WHERE ((activeStatus = ?) AND (algoId = ?))
	bind => [1, 63406B97-DF02-4EB2-BC09-441D6BB674B1]
Setting logged in user info for UPDATE
[EL Fine]: sql: 2016-01-29 15:01:04.255--ClientSession(328221005)--Connection(29813308)--Thread(Thread[Test worker,5,main])--SELECT algoId, algoDescription, algoHelp, algoIcon, algoName, algorithm, versionId, createdBy, createdDate, updatedBy, updatedDate, activeStatus, txnAccessCode FROM ast_PasswordAlgo_M WHERE (algoId = ?)
	bind => [63406B97-DF02-4EB2-BC09-441D6BB674B1]
[EL Fine]: sql: 2016-01-29 15:01:04.256--ClientSession(328221005)--Connection(29813308)--Thread(Thread[Test worker,5,main])--UPDATE ast_PasswordAlgo_M SET algoDescription = ?, algoHelp = ?, algoIcon = ?, algoName = ?, algorithm = ?, updatedBy = ?, versionId = ? WHERE ((algoId = ?) AND (versionId = ?))
	bind => [HGfvbdqPUYd5JeBnaLH2bQChFp1W7HGbuQHh4Y9Msr9Qh5TwmF, ZoveWiqtTGhT4GJwV0owDFe0HZKdawPxH7tyKU8yYMij3nNlGf, rl6enJRhmhfB5bAQzCy976ba3Wi5GpcRlGUTxpYLyewfeusqSP, 6A1iGw1IPcTduwu7RqGsLVYFtUmKkv1uCtgoaZ5Iat2upC4DlQ, 6, AAAAA, 2, 63406B97-DF02-4EB2-BC09-441D6BB674B1, 1]
[EL Fine]: sql: 2016-01-29 15:01:04.302--ClientSession(804857238)--Connection(29813308)--Thread(Thread[Test worker,5,main])--SELECT algoId, algoDescription, algoHelp, algoIcon, algoName, algorithm, versionId, createdBy, createdDate, updatedBy, updatedDate, activeStatus, txnAccessCode FROM ast_PasswordAlgo_M WHERE ((activeStatus = ?) AND (algoId = ?))
	bind => [1, 63406B97-DF02-4EB2-BC09-441D6BB674B1]
[EL Fine]: sql: 2016-01-29 15:01:04.31--ClientSession(839587385)--Connection(29813308)--Thread(Thread[Test worker,5,main])--SELECT algoId, algoDescription, algoHelp, algoIcon, algoName, algorithm, versionId, createdBy, createdDate, updatedBy, updatedDate, activeStatus, txnAccessCode FROM ast_PasswordAlgo_M WHERE (algoId = ?)
	bind => [63406B97-DF02-4EB2-BC09-441D6BB674B1]
[EL Fine]: sql: 2016-01-29 15:01:04.311--ClientSession(839587385)--Connection(29813308)--Thread(Thread[Test worker,5,main])--DELETE FROM ast_PasswordAlgo_M WHERE ((algoId = ?) AND (versionId = ?))
	bind => [63406B97-DF02-4EB2-BC09-441D6BB674B1, 2]
]]></system-out>
  <system-err><![CDATA[]]></system-err>
</testsuite>
