<?xml version="1.0" encoding="UTF-8"?>
<testsuite name="com.shoppingapp.app.server.service.CategoryTestCase" tests="5" skipped="0" failures="0" errors="0" timestamp="2016-01-29T15:00:56" hostname="9f5a31a7bb44" time="0.277">
  <properties/>
  <testcase name="test1Save" classname="com.shoppingapp.app.server.service.CategoryTestCase" time="0.126"/>
  <testcase name="test2Update" classname="com.shoppingapp.app.server.service.CategoryTestCase" time="0.075"/>
  <testcase name="test3FindById" classname="com.shoppingapp.app.server.service.CategoryTestCase" time="0.005"/>
  <testcase name="test3findByproductId" classname="com.shoppingapp.app.server.service.CategoryTestCase" time="0.007"/>
  <testcase name="test4Delete" classname="com.shoppingapp.app.server.service.CategoryTestCase" time="0.063"/>
  <system-out><![CDATA[[EL Fine]: sql: 2016-01-29 15:00:56.223--ClientSession(1718817032)--Connection(29813308)--Thread(Thread[Test worker,5,main])--INSERT INTO ast_Product_M (productId, productName, versionId, createdBy, createdDate, updatedBy, updatedDate, activeStatus, txnAccessCode) VALUES (?, ?, ?, ?, ?, ?, ?, ?, ?)
	bind => [E89AE221-66F7-4E00-98AB-DF0330D4472F, bp99YNqVafAC0Kn9E7Palk2xX0gL060BqWMMxL2M9WP71agdPv, 1, AAAAA, 2016-01-29 15:00:56.22, null, 2016-01-29 15:00:56.22, 1, 51000]
Setting logged in user info for ADD
[EL Fine]: sql: 2016-01-29 15:00:56.307--ClientSession(21580851)--Connection(29813308)--Thread(Thread[Test worker,5,main])--INSERT INTO ast_Category_M (categoryId, categoryName, productId, versionId, createdBy, createdDate, updatedBy, updatedDate, activeStatus, txnAccessCode) VALUES (?, ?, ?, ?, ?, ?, ?, ?, ?, ?)
	bind => [A8D085AF-7EB5-413F-AE11-A069C34DEFDF, LPdtzqAYXLSiZfg8p1L4rWK3An0eRhtkTcMYUqTvZkHS0GNDhw, E89AE221-66F7-4E00-98AB-DF0330D4472F, 1, AAAAA, 2016-01-29 15:00:56.301, null, 2016-01-29 15:00:56.301, 1, 51000]
[EL Fine]: sql: 2016-01-29 15:00:56.341--ClientSession(64444748)--Connection(29813308)--Thread(Thread[Test worker,5,main])--SELECT categoryId, categoryName, productId, versionId, createdBy, createdDate, updatedBy, updatedDate, activeStatus, txnAccessCode FROM ast_Category_M WHERE ((activeStatus = ?) AND (categoryId = ?))
	bind => [1, A8D085AF-7EB5-413F-AE11-A069C34DEFDF]
Setting logged in user info for UPDATE
[EL Fine]: sql: 2016-01-29 15:00:56.344--ClientSession(1591952102)--Connection(29813308)--Thread(Thread[Test worker,5,main])--SELECT categoryId, categoryName, productId, versionId, createdBy, createdDate, updatedBy, updatedDate, activeStatus, txnAccessCode FROM ast_Category_M WHERE (categoryId = ?)
	bind => [A8D085AF-7EB5-413F-AE11-A069C34DEFDF]
[EL Fine]: sql: 2016-01-29 15:00:56.345--ClientSession(1591952102)--Connection(29813308)--Thread(Thread[Test worker,5,main])--UPDATE ast_Category_M SET categoryName = ?, updatedBy = ?, versionId = ? WHERE ((categoryId = ?) AND (versionId = ?))
	bind => [MteDraQ6sNf0GkC6VlEP1vGMqFyFUy4oDRuuayvPj6ar2Lv8P2, AAAAA, 2, A8D085AF-7EB5-413F-AE11-A069C34DEFDF, 1]
[EL Fine]: sql: 2016-01-29 15:00:56.415--ClientSession(341348583)--Connection(29813308)--Thread(Thread[Test worker,5,main])--SELECT categoryId, categoryName, productId, versionId, createdBy, createdDate, updatedBy, updatedDate, activeStatus, txnAccessCode FROM ast_Category_M WHERE ((activeStatus = ?) AND (categoryId = ?))
	bind => [1, A8D085AF-7EB5-413F-AE11-A069C34DEFDF]
[EL Fine]: sql: 2016-01-29 15:00:56.422--ClientSession(1226129962)--Connection(29813308)--Thread(Thread[Test worker,5,main])--SELECT categoryId, categoryName, productId, versionId, createdBy, createdDate, updatedBy, updatedDate, activeStatus, txnAccessCode FROM ast_Category_M WHERE ((activeStatus = ?) AND (productId = ?))
	bind => [1, E89AE221-66F7-4E00-98AB-DF0330D4472F]
[EL Fine]: sql: 2016-01-29 15:00:56.428--ClientSession(1218259104)--Connection(29813308)--Thread(Thread[Test worker,5,main])--SELECT categoryId, categoryName, productId, versionId, createdBy, createdDate, updatedBy, updatedDate, activeStatus, txnAccessCode FROM ast_Category_M WHERE (categoryId = ?)
	bind => [A8D085AF-7EB5-413F-AE11-A069C34DEFDF]
[EL Fine]: sql: 2016-01-29 15:00:56.429--ClientSession(1218259104)--Connection(29813308)--Thread(Thread[Test worker,5,main])--DELETE FROM ast_Category_M WHERE ((categoryId = ?) AND (versionId = ?))
	bind => [A8D085AF-7EB5-413F-AE11-A069C34DEFDF, 2]
[EL Fine]: sql: 2016-01-29 15:00:56.457--ClientSession(21260762)--Connection(29813308)--Thread(Thread[Test worker,5,main])--SELECT productId, productName, versionId, createdBy, createdDate, updatedBy, updatedDate, activeStatus, txnAccessCode FROM ast_Product_M WHERE (productId = ?)
	bind => [E89AE221-66F7-4E00-98AB-DF0330D4472F]
[EL Fine]: sql: 2016-01-29 15:00:56.459--ClientSession(21260762)--Connection(29813308)--Thread(Thread[Test worker,5,main])--DELETE FROM ast_Product_M WHERE ((productId = ?) AND (versionId = ?))
	bind => [E89AE221-66F7-4E00-98AB-DF0330D4472F, 1]
]]></system-out>
  <system-err><![CDATA[]]></system-err>
</testsuite>
