<?xml version="1.0" encoding="UTF-8"?>
<testsuite name="com.shoppingapp.app.server.service.AppCustomerTypeTestCase" tests="4" skipped="0" failures="0" errors="0" timestamp="2016-01-29T15:01:03" hostname="9f5a31a7bb44" time="0.178">
  <properties/>
  <testcase name="test1Save" classname="com.shoppingapp.app.server.service.AppCustomerTypeTestCase" time="0.047"/>
  <testcase name="test2Update" classname="com.shoppingapp.app.server.service.AppCustomerTypeTestCase" time="0.039"/>
  <testcase name="test3FindById" classname="com.shoppingapp.app.server.service.AppCustomerTypeTestCase" time="0.008"/>
  <testcase name="test4Delete" classname="com.shoppingapp.app.server.service.AppCustomerTypeTestCase" time="0.084"/>
  <system-out><![CDATA[Setting logged in user info for ADD
[EL Fine]: sql: 2016-01-29 15:01:03.047--ClientSession(1732619347)--Connection(29813308)--Thread(Thread[Test worker,5,main])--INSERT INTO ast_AppCustomerType_M (appcustTypeId, customerType, defaults, sequenceId, versionId, createdBy, createdDate, updatedBy, updatedDate, activeStatus, txnAccessCode) VALUES (?, ?, ?, ?, ?, ?, ?, ?, ?, ?, ?)
	bind => [FA99A065-43CD-48B0-AF22-BAF4EB794C65, CAQYVn0vHiOEStbrQr0ivsGwiS3IxzFcxQ4R0Rm1ed0Du6rY3h, 0, 2147483647, 1, AAAAA, 2016-01-29 15:01:03.04, null, 2016-01-29 15:01:03.04, 1, 51000]
[EL Fine]: sql: 2016-01-29 15:01:03.08--ClientSession(946022502)--Connection(29813308)--Thread(Thread[Test worker,5,main])--SELECT appcustTypeId, customerType, defaults, sequenceId, versionId, createdBy, createdDate, updatedBy, updatedDate, activeStatus, txnAccessCode FROM ast_AppCustomerType_M WHERE ((activeStatus = ?) AND (appcustTypeId = ?))
	bind => [1, FA99A065-43CD-48B0-AF22-BAF4EB794C65]
Setting logged in user info for UPDATE
[EL Fine]: sql: 2016-01-29 15:01:03.083--ClientSession(1866495562)--Connection(29813308)--Thread(Thread[Test worker,5,main])--SELECT appcustTypeId, customerType, defaults, sequenceId, versionId, createdBy, createdDate, updatedBy, updatedDate, activeStatus, txnAccessCode FROM ast_AppCustomerType_M WHERE (appcustTypeId = ?)
	bind => [FA99A065-43CD-48B0-AF22-BAF4EB794C65]
[EL Fine]: sql: 2016-01-29 15:01:03.085--ClientSession(1866495562)--Connection(29813308)--Thread(Thread[Test worker,5,main])--UPDATE ast_AppCustomerType_M SET customerType = ?, defaults = ?, updatedBy = ?, versionId = ? WHERE ((appcustTypeId = ?) AND (versionId = ?))
	bind => [cAn2cCASOgO2t7tUy1KWy2BWO9Ebcg59U1GShLMLTvMFzsfRaD, 1, AAAAA, 2, FA99A065-43CD-48B0-AF22-BAF4EB794C65, 1]
[EL Fine]: sql: 2016-01-29 15:01:03.118--ClientSession(1759231912)--Connection(29813308)--Thread(Thread[Test worker,5,main])--SELECT appcustTypeId, customerType, defaults, sequenceId, versionId, createdBy, createdDate, updatedBy, updatedDate, activeStatus, txnAccessCode FROM ast_AppCustomerType_M WHERE ((activeStatus = ?) AND (appcustTypeId = ?))
	bind => [1, FA99A065-43CD-48B0-AF22-BAF4EB794C65]
[EL Fine]: sql: 2016-01-29 15:01:03.124--ClientSession(225703384)--Connection(29813308)--Thread(Thread[Test worker,5,main])--SELECT appcustTypeId, customerType, defaults, sequenceId, versionId, createdBy, createdDate, updatedBy, updatedDate, activeStatus, txnAccessCode FROM ast_AppCustomerType_M WHERE (appcustTypeId = ?)
	bind => [FA99A065-43CD-48B0-AF22-BAF4EB794C65]
[EL Fine]: sql: 2016-01-29 15:01:03.126--ClientSession(225703384)--Connection(29813308)--Thread(Thread[Test worker,5,main])--DELETE FROM ast_AppCustomerType_M WHERE ((appcustTypeId = ?) AND (versionId = ?))
	bind => [FA99A065-43CD-48B0-AF22-BAF4EB794C65, 2]
]]></system-out>
  <system-err><![CDATA[]]></system-err>
</testsuite>
