<?xml version="1.0" encoding="UTF-8"?>
<testsuite name="com.shoppingapp.app.server.service.CommunicationGroupTestCase" tests="4" skipped="0" failures="0" errors="0" timestamp="2016-01-29T15:00:45" hostname="9f5a31a7bb44" time="0.275">
  <properties/>
  <testcase name="test1Save" classname="com.shoppingapp.app.server.service.CommunicationGroupTestCase" time="0.13"/>
  <testcase name="test2Update" classname="com.shoppingapp.app.server.service.CommunicationGroupTestCase" time="0.075"/>
  <testcase name="test3FindById" classname="com.shoppingapp.app.server.service.CommunicationGroupTestCase" time="0.009"/>
  <testcase name="test4Delete" classname="com.shoppingapp.app.server.service.CommunicationGroupTestCase" time="0.06"/>
  <system-out><![CDATA[Setting logged in user info for ADD
[EL Fine]: sql: 2016-01-29 15:00:45.88--ClientSession(1142678085)--Connection(29813308)--Thread(Thread[Test worker,5,main])--INSERT INTO ast_CommunicationGroup_M (commGroupId, commGroupDescription, commGroupName, versionId, createdBy, createdDate, updatedBy, updatedDate, activeStatus, txnAccessCode) VALUES (?, ?, ?, ?, ?, ?, ?, ?, ?, ?)
	bind => [C9F5D9CD-A417-4DF2-ADF0-324B1B6E0EF2, YjrDMKkkPXeURo3l3IsJ9joDCbKKPnJD7oImqBeyVaeY1Et2QK, Il1jXJbdaN1NTAJpjBbpFQdXIh4mryl39zs1zR4i0P35qehMHh, 1, AAAAA, 2016-01-29 15:00:45.836, null, 2016-01-29 15:00:45.836, 1, 51000]
[EL Fine]: sql: 2016-01-29 15:00:45.957--ClientSession(1210390733)--Connection(29813308)--Thread(Thread[Test worker,5,main])--SELECT commGroupId, commGroupDescription, commGroupName, versionId, createdBy, createdDate, updatedBy, updatedDate, activeStatus, txnAccessCode FROM ast_CommunicationGroup_M WHERE ((activeStatus = ?) AND (commGroupId = ?))
	bind => [1, C9F5D9CD-A417-4DF2-ADF0-324B1B6E0EF2]
Setting logged in user info for UPDATE
[EL Fine]: sql: 2016-01-29 15:00:45.962--ClientSession(603849064)--Connection(29813308)--Thread(Thread[Test worker,5,main])--SELECT commGroupId, commGroupDescription, commGroupName, versionId, createdBy, createdDate, updatedBy, updatedDate, activeStatus, txnAccessCode FROM ast_CommunicationGroup_M WHERE (commGroupId = ?)
	bind => [C9F5D9CD-A417-4DF2-ADF0-324B1B6E0EF2]
[EL Fine]: sql: 2016-01-29 15:00:45.964--ClientSession(603849064)--Connection(29813308)--Thread(Thread[Test worker,5,main])--UPDATE ast_CommunicationGroup_M SET commGroupDescription = ?, commGroupName = ?, updatedBy = ?, versionId = ? WHERE ((commGroupId = ?) AND (versionId = ?))
	bind => [91TLwg1mhCTLFZ71czCzkX5EJ8U1yiO5mMo3KxMlhKfVuA1Qg9, spqVtfYJS9OIFtfA3QUekFkrEcCOEl0YGdoVOte4y8fOHAWHsS, AAAAA, 2, C9F5D9CD-A417-4DF2-ADF0-324B1B6E0EF2, 1]
[EL Fine]: sql: 2016-01-29 15:00:46.031--ClientSession(1205272734)--Connection(29813308)--Thread(Thread[Test worker,5,main])--SELECT commGroupId, commGroupDescription, commGroupName, versionId, createdBy, createdDate, updatedBy, updatedDate, activeStatus, txnAccessCode FROM ast_CommunicationGroup_M WHERE ((activeStatus = ?) AND (commGroupId = ?))
	bind => [1, C9F5D9CD-A417-4DF2-ADF0-324B1B6E0EF2]
[EL Fine]: sql: 2016-01-29 15:00:46.04--ClientSession(377062994)--Connection(29813308)--Thread(Thread[Test worker,5,main])--SELECT commGroupId, commGroupDescription, commGroupName, versionId, createdBy, createdDate, updatedBy, updatedDate, activeStatus, txnAccessCode FROM ast_CommunicationGroup_M WHERE (commGroupId = ?)
	bind => [C9F5D9CD-A417-4DF2-ADF0-324B1B6E0EF2]
[EL Fine]: sql: 2016-01-29 15:00:46.042--ClientSession(377062994)--Connection(29813308)--Thread(Thread[Test worker,5,main])--DELETE FROM ast_CommunicationGroup_M WHERE ((commGroupId = ?) AND (versionId = ?))
	bind => [C9F5D9CD-A417-4DF2-ADF0-324B1B6E0EF2, 2]
]]></system-out>
  <system-err><![CDATA[]]></system-err>
</testsuite>
