<?xml version="1.0" encoding="UTF-8"?>
<testsuite name="com.shoppingapp.app.server.service.AddressTypeTestCase" tests="4" skipped="0" failures="0" errors="0" timestamp="2016-01-29T15:00:51" hostname="9f5a31a7bb44" time="0.203">
  <properties/>
  <testcase name="test1Save" classname="com.shoppingapp.app.server.service.AddressTypeTestCase" time="0.075"/>
  <testcase name="test2Update" classname="com.shoppingapp.app.server.service.AddressTypeTestCase" time="0.051"/>
  <testcase name="test3FindById" classname="com.shoppingapp.app.server.service.AddressTypeTestCase" time="0.005"/>
  <testcase name="test4Delete" classname="com.shoppingapp.app.server.service.AddressTypeTestCase" time="0.07"/>
  <system-out><![CDATA[Setting logged in user info for ADD
[EL Fine]: sql: 2016-01-29 15:00:51.171--ClientSession(1968645363)--Connection(29813308)--Thread(Thread[Test worker,5,main])--INSERT INTO ast_AddressType_M (addressTypeId, addressType, addressTypeDesc, addressTypeIcon, versionId, createdBy, createdDate, updatedBy, updatedDate, activeStatus, txnAccessCode) VALUES (?, ?, ?, ?, ?, ?, ?, ?, ?, ?, ?)
	bind => [6153194D-B1EB-43AB-A8E5-7ADA8B51E96B, ubwSGKx0ZCe9rKbkN2jviiHiaJJuLxcj5uXh3Hnql0sOtilJPY, dFYJ9d58gUeDeheYHFZl5QsmBiJo9fFkuP46MjV6FSe32fLzVz, cyj7InideWFHcPFd4TgR8DpCVDr6uil6Ii0QzsJlsJz5WRHlyJ, 1, AAAAA, 2016-01-29 15:00:51.165, null, 2016-01-29 15:00:51.165, 1, 51000]
[EL Fine]: sql: 2016-01-29 15:00:51.236--ClientSession(2062123946)--Connection(29813308)--Thread(Thread[Test worker,5,main])--SELECT addressTypeId, addressType, addressTypeDesc, addressTypeIcon, versionId, createdBy, createdDate, updatedBy, updatedDate, activeStatus, txnAccessCode FROM ast_AddressType_M WHERE ((activeStatus = ?) AND (addressTypeId = ?))
	bind => [1, 6153194D-B1EB-43AB-A8E5-7ADA8B51E96B]
Setting logged in user info for UPDATE
[EL Fine]: sql: 2016-01-29 15:00:51.238--ClientSession(714224641)--Connection(29813308)--Thread(Thread[Test worker,5,main])--SELECT addressTypeId, addressType, addressTypeDesc, addressTypeIcon, versionId, createdBy, createdDate, updatedBy, updatedDate, activeStatus, txnAccessCode FROM ast_AddressType_M WHERE (addressTypeId = ?)
	bind => [6153194D-B1EB-43AB-A8E5-7ADA8B51E96B]
[EL Fine]: sql: 2016-01-29 15:00:51.24--ClientSession(714224641)--Connection(29813308)--Thread(Thread[Test worker,5,main])--UPDATE ast_AddressType_M SET addressType = ?, addressTypeDesc = ?, addressTypeIcon = ?, updatedBy = ?, versionId = ? WHERE ((addressTypeId = ?) AND (versionId = ?))
	bind => [jubm2XreVVjuFfykOntJLsBJOX1lhpJaVJ9KivVYfWYP8zOMH3, VNZK4WAF8Hd50AI7mkO5hkii5wleNq74RvIxS7mVwYPeHm4rEQ, RZHAiKUN9P3vIQ4OpNlqc0snQKaUBBbNMMoKlxjRYgSTbH94nN, AAAAA, 2, 6153194D-B1EB-43AB-A8E5-7ADA8B51E96B, 1]
[EL Fine]: sql: 2016-01-29 15:00:51.287--ClientSession(1104227905)--Connection(29813308)--Thread(Thread[Test worker,5,main])--SELECT addressTypeId, addressType, addressTypeDesc, addressTypeIcon, versionId, createdBy, createdDate, updatedBy, updatedDate, activeStatus, txnAccessCode FROM ast_AddressType_M WHERE ((activeStatus = ?) AND (addressTypeId = ?))
	bind => [1, 6153194D-B1EB-43AB-A8E5-7ADA8B51E96B]
[EL Fine]: sql: 2016-01-29 15:00:51.293--ClientSession(1641926317)--Connection(29813308)--Thread(Thread[Test worker,5,main])--SELECT addressTypeId, addressType, addressTypeDesc, addressTypeIcon, versionId, createdBy, createdDate, updatedBy, updatedDate, activeStatus, txnAccessCode FROM ast_AddressType_M WHERE (addressTypeId = ?)
	bind => [6153194D-B1EB-43AB-A8E5-7ADA8B51E96B]
[EL Fine]: sql: 2016-01-29 15:00:51.294--ClientSession(1641926317)--Connection(29813308)--Thread(Thread[Test worker,5,main])--DELETE FROM ast_AddressType_M WHERE ((addressTypeId = ?) AND (versionId = ?))
	bind => [6153194D-B1EB-43AB-A8E5-7ADA8B51E96B, 2]
]]></system-out>
  <system-err><![CDATA[]]></system-err>
</testsuite>
