<?xml version="1.0" encoding="UTF-8"?>
<testsuite name="com.shoppingapp.app.server.service.ContactTypeTestCase" tests="4" skipped="0" failures="0" errors="0" timestamp="2016-01-29T15:00:51" hostname="9f5a31a7bb44" time="0.175">
  <properties/>
  <testcase name="test1Save" classname="com.shoppingapp.app.server.service.ContactTypeTestCase" time="0.099"/>
  <testcase name="test2Update" classname="com.shoppingapp.app.server.service.ContactTypeTestCase" time="0.034"/>
  <testcase name="test3FindById" classname="com.shoppingapp.app.server.service.ContactTypeTestCase" time="0.006"/>
  <testcase name="test4Delete" classname="com.shoppingapp.app.server.service.ContactTypeTestCase" time="0.036"/>
  <system-out><![CDATA[Setting logged in user info for ADD
[EL Fine]: sql: 2016-01-29 15:00:51.397--ClientSession(97785534)--Connection(29813308)--Thread(Thread[Test worker,5,main])--INSERT INTO ast_ContactType_M (contactTypeId, contactType, contactTypeDesc, contactTypeIcon, versionId, createdBy, createdDate, updatedBy, updatedDate, activeStatus, txnAccessCode) VALUES (?, ?, ?, ?, ?, ?, ?, ?, ?, ?, ?)
	bind => [7606D00E-6AC7-40C8-A855-AED7D7EF3A1C, 6Zi8erSxdjS2j7h36rfgXnU2ueYTVtBcxxhqP4MN6tynEUsZ4o, ry3DTBzUKpf64tfuWSYRxshg4U5ATk7xLoSk5QRuhzH59R4GvT, 2DKNXImHmh1nNv5gow4CtMKjTzhdv42jKEFZuPwz6UMjJTMRYD, 1, AAAAA, 2016-01-29 15:00:51.371, null, 2016-01-29 15:00:51.371, 1, 51000]
[EL Fine]: sql: 2016-01-29 15:00:51.464--ClientSession(328618472)--Connection(29813308)--Thread(Thread[Test worker,5,main])--SELECT contactTypeId, contactType, contactTypeDesc, contactTypeIcon, versionId, createdBy, createdDate, updatedBy, updatedDate, activeStatus, txnAccessCode FROM ast_ContactType_M WHERE ((activeStatus = ?) AND (contactTypeId = ?))
	bind => [1, 7606D00E-6AC7-40C8-A855-AED7D7EF3A1C]
Setting logged in user info for UPDATE
[EL Fine]: sql: 2016-01-29 15:00:51.467--ClientSession(326215020)--Connection(29813308)--Thread(Thread[Test worker,5,main])--SELECT contactTypeId, contactType, contactTypeDesc, contactTypeIcon, versionId, createdBy, createdDate, updatedBy, updatedDate, activeStatus, txnAccessCode FROM ast_ContactType_M WHERE (contactTypeId = ?)
	bind => [7606D00E-6AC7-40C8-A855-AED7D7EF3A1C]
[EL Fine]: sql: 2016-01-29 15:00:51.468--ClientSession(326215020)--Connection(29813308)--Thread(Thread[Test worker,5,main])--UPDATE ast_ContactType_M SET contactType = ?, contactTypeDesc = ?, contactTypeIcon = ?, updatedBy = ?, versionId = ? WHERE ((contactTypeId = ?) AND (versionId = ?))
	bind => [yvJ170iFrg8tiAal57UI513ePTZMeT3Kz4LzqOXnwXWT1O9Tt0, RvVHg61qv23NNq0Obod7y1wuiKgiIs9KXVkkf2gUFsmJhZf8Sj, kmE0bYtTpKkSgK7BL6uWPvl6ZHooiBqA5j8TUZAMyt0UTgPigB, AAAAA, 2, 7606D00E-6AC7-40C8-A855-AED7D7EF3A1C, 1]
[EL Fine]: sql: 2016-01-29 15:00:51.498--ClientSession(1089789895)--Connection(29813308)--Thread(Thread[Test worker,5,main])--SELECT contactTypeId, contactType, contactTypeDesc, contactTypeIcon, versionId, createdBy, createdDate, updatedBy, updatedDate, activeStatus, txnAccessCode FROM ast_ContactType_M WHERE ((activeStatus = ?) AND (contactTypeId = ?))
	bind => [1, 7606D00E-6AC7-40C8-A855-AED7D7EF3A1C]
[EL Fine]: sql: 2016-01-29 15:00:51.504--ClientSession(1506783198)--Connection(29813308)--Thread(Thread[Test worker,5,main])--SELECT contactTypeId, contactType, contactTypeDesc, contactTypeIcon, versionId, createdBy, createdDate, updatedBy, updatedDate, activeStatus, txnAccessCode FROM ast_ContactType_M WHERE (contactTypeId = ?)
	bind => [7606D00E-6AC7-40C8-A855-AED7D7EF3A1C]
[EL Fine]: sql: 2016-01-29 15:00:51.505--ClientSession(1506783198)--Connection(29813308)--Thread(Thread[Test worker,5,main])--DELETE FROM ast_ContactType_M WHERE ((contactTypeId = ?) AND (versionId = ?))
	bind => [7606D00E-6AC7-40C8-A855-AED7D7EF3A1C, 2]
]]></system-out>
  <system-err><![CDATA[]]></system-err>
</testsuite>
